[debug] [2022-09-21T16:16:40.777Z] ----------------------------------------------------------------------
[debug] [2022-09-21T16:16:40.779Z] Command:       X:\node\node.exe C:\Users\kskar\AppData\Roaming\npm\node_modules\firebase-tools\lib\bin\firebase.js init
[debug] [2022-09-21T16:16:40.779Z] CLI Version:   11.0.1
[debug] [2022-09-21T16:16:40.779Z] Platform:      win32
[debug] [2022-09-21T16:16:40.779Z] Node Version:  v17.7.2
[debug] [2022-09-21T16:16:40.780Z] Time:          Wed Sep 21 2022 22:16:40 GMT+0600 (Bangladesh Standard Time)
[debug] [2022-09-21T16:16:40.780Z] ----------------------------------------------------------------------
[debug] 
[debug] [2022-09-21T16:16:40.787Z] >>> [apiv2][query] GET https://firebase-public.firebaseio.com/cli.json [none]
[debug] [2022-09-21T16:16:40.844Z] > command requires scopes: ["email","openid","https://www.googleapis.com/auth/cloudplatformprojects.readonly","https://www.googleapis.com/auth/firebase","https://www.googleapis.com/auth/cloud-platform"]
[debug] [2022-09-21T16:16:40.845Z] > authorizing via signed-in user (kskarim177@gmail.com)
[info] 
     ######## #### ########  ######## ########     ###     ######  ########
     ##        ##  ##     ## ##       ##     ##  ##   ##  ##       ##
     ######    ##  ########  ######   ########  #########  ######  ######
     ##        ##  ##    ##  ##       ##     ## ##     ##       ## ##
     ##       #### ##     ## ######## ########  ##     ##  ######  ########

You're about to initialize a Firebase project in this directory:

  K:\Web Dev\Projects\web-prasc

[debug] [2022-09-21T16:16:41.470Z] <<< [apiv2][status] GET https://firebase-public.firebaseio.com/cli.json 200
[debug] [2022-09-21T16:16:41.470Z] <<< [apiv2][body] GET https://firebase-public.firebaseio.com/cli.json {"cloudBuildErrorAfter":1594252800000,"cloudBuildWarnAfter":1590019200000,"defaultNode10After":1594252800000,"minVersion":"3.0.5","node8DeploysDisabledAfter":1613390400000,"node8RuntimeDisabledAfter":1615809600000,"node8WarnAfter":1600128000000}
[info] 
=== Project Setup
[info] 
[info] First, let's associate this project directory with a Firebase project.
[info] You can create multiple project aliases by running firebase use --add, 
[info] but for now we'll just set up a default project.
[info] 
[info] i  If you want to create a project in a Google Cloud organization or folder, please use "firebase projects:create" instead, and return to this command when you've created the project. 
